[debug] [2024-11-16T15:32:37.718Z] ----------------------------------------------------------------------
[debug] [2024-11-16T15:32:37.720Z] Command:       C:\Program Files\nodejs\node.exe C:\Users\lukky\AppData\Roaming\npm\node_modules\firebase-tools\lib\bin\firebase.js init
[debug] [2024-11-16T15:32:37.721Z] CLI Version:   13.25.0
[debug] [2024-11-16T15:32:37.721Z] Platform:      win32
[debug] [2024-11-16T15:32:37.721Z] Node Version:  v20.18.0
[debug] [2024-11-16T15:32:37.721Z] Time:          Sat Nov 16 2024 22:32:37 GMT+0700 (Western Indonesia Time)
[debug] [2024-11-16T15:32:37.721Z] ----------------------------------------------------------------------
[debug] 
[debug] [2024-11-16T15:32:37.729Z] > command requires scopes: ["email","openid","https://www.googleapis.com/auth/cloudplatformprojects.readonly","https://www.googleapis.com/auth/firebase","https://www.googleapis.com/auth/cloud-platform"]
[debug] [2024-11-16T15:32:37.729Z] > authorizing via signed-in user (18222141@std.stei.itb.ac.id)
[info] 
     ######## #### ########  ######## ########     ###     ######  ########
     ##        ##  ##     ## ##       ##     ##  ##   ##  ##       ##
     ######    ##  ########  ######   ########  #########  ######  ######
     ##        ##  ##    ##  ##       ##     ## ##     ##       ## ##
     ##       #### ##     ## ######## ########  ##     ##  ######  ########

You're about to initialize a Firebase project in this directory:

  C:\Users\lukky\OneDrive - Institut Teknologi Bandung\Semester 5\PAWM\CerdasBerwawasan

[info] 
=== Project Setup
[info] 
[info] First, let's associate this project directory with a Firebase project.
[info] You can create multiple project aliases by running firebase use --add, 
[info] but for now we'll just set up a default project.
[info] 
[debug] [2024-11-16T15:34:15.368Z] Checked if tokens are valid: true, expires at: 1731774741307
[debug] [2024-11-16T15:34:15.368Z] Checked if tokens are valid: true, expires at: 1731774741307
[debug] [2024-11-16T15:34:15.369Z] >>> [apiv2][query] GET https://firebase.googleapis.com/v1beta1/projects pageSize=100
[debug] [2024-11-16T15:34:16.245Z] <<< [apiv2][status] GET https://firebase.googleapis.com/v1beta1/projects 200
[debug] [2024-11-16T15:34:16.245Z] <<< [apiv2][body] GET https://firebase.googleapis.com/v1beta1/projects [omitted]
[info] i  Using project cerdas-berwawasan (Cerdas Berwawasan) 
[info] 
=== Hosting Setup
[debug] [2024-11-16T15:34:19.172Z] Checked if tokens are valid: true, expires at: 1731774741307
[debug] [2024-11-16T15:34:19.173Z] Checked if tokens are valid: true, expires at: 1731774741307
[debug] [2024-11-16T15:34:19.173Z] >>> [apiv2][query] GET https://firebase.googleapis.com/v1beta1/projects/cerdas-berwawasan [none]
[debug] [2024-11-16T15:34:19.763Z] <<< [apiv2][status] GET https://firebase.googleapis.com/v1beta1/projects/cerdas-berwawasan 200
[debug] [2024-11-16T15:34:19.763Z] <<< [apiv2][body] GET https://firebase.googleapis.com/v1beta1/projects/cerdas-berwawasan {"projectId":"cerdas-berwawasan","projectNumber":"243880102975","displayName":"Cerdas Berwawasan","name":"projects/cerdas-berwawasan","resources":{"hostingSite":"cerdas-berwawasan","realtimeDatabaseInstance":"cerdas-berwawasan-default-rtdb"},"state":"ACTIVE","etag":"1_47becb90-8ae6-477a-b0ad-81a967f6f04a"}
[info] 
[info] Your public directory is the folder (relative to your project directory) that
[info] will contain Hosting assets to be uploaded with firebase deploy. If you
[info] have a build process for your assets, use your build's output directory.
[info] 
[info] +  Wrote public/404.html 
[debug] [2024-11-16T15:34:46.386Z] >>> [apiv2][query] GET https://www.gstatic.com/firebasejs/releases.json [none]
[debug] [2024-11-16T15:34:46.520Z] <<< [apiv2][status] GET https://www.gstatic.com/firebasejs/releases.json 200
[debug] [2024-11-16T15:34:46.520Z] <<< [apiv2][body] GET https://www.gstatic.com/firebasejs/releases.json {"current":{"version":"11.0.2","browserURL":"https://www.gstatic.com/firebasejs/11.0.2/firebase.js","packageURL":"https://www.gstatic.com/firebasejs/11.0.2/firebase.tgz"},"live":{"version":"11.0","browserURL":"https://www.gstatic.com/firebasejs/live/11.0/firebase.js","packageURL":"https://www.gstatic.com/firebasejs/live/11.0/firebase.tgz"},"components":{"analytics":"https://www.gstatic.com/firebasejs/11.0.2/firebase-analytics.js","app":"https://www.gstatic.com/firebasejs/11.0.2/firebase-app.js","app-check":"https://www.gstatic.com/firebasejs/11.0.2/firebase-app-check.js","auth":"https://www.gstatic.com/firebasejs/11.0.2/firebase-auth.js","auth/cordova":"https://www.gstatic.com/firebasejs/11.0.2/firebase-auth/cordova.js","auth/web-extension":"https://www.gstatic.com/firebasejs/11.0.2/firebase-auth/web-extension.js","functions":"https://www.gstatic.com/firebasejs/11.0.2/firebase-functions.js","firestore":"https://www.gstatic.com/firebasejs/11.0.2/firebase-firestore.js","firestore/lite":"https://www.gstatic.com/firebasejs/11.0.2/firebase-firestore/lite.js","installations":"https://www.gstatic.com/firebasejs/11.0.2/firebase-installations.js","storage":"https://www.gstatic.com/firebasejs/11.0.2/firebase-storage.js","performance":"https://www.gstatic.com/firebasejs/11.0.2/firebase-performance.js","remote-config":"https://www.gstatic.com/firebasejs/11.0.2/firebase-remote-config.js","messaging":"https://www.gstatic.com/firebasejs/11.0.2/firebase-messaging.js","messaging/sw":"https://www.gstatic.com/firebasejs/11.0.2/firebase-messaging/sw.js","database":"https://www.gstatic.com/firebasejs/11.0.2/firebase-database.js","vertexai":"https://www.gstatic.com/firebasejs/11.0.2/firebase-vertexai.js","data-connect":"https://www.gstatic.com/firebasejs/11.0.2/firebase-data-connect.js","firestore.memory":"https://www.gstatic.com/firebasejs/11.0.2/firebase-firestore.memory.js"}}
[info] +  Wrote public/index.html 
[info] 
[info] i  Didn't detect a .git folder. Assuming C:\Users\lukky\OneDrive - Institut Teknologi Bandung\Semester 5\PAWM\CerdasBerwawasan is the project root. 
[info] i  Authorizing with GitHub to upload your service account to a GitHub repository's secrets store. 
[info] 
[info] Visit this URL on this device to log in:
[info] https://github.com/login/oauth/authorize?client_id=89cf50f02ac6aaed3484&state=767421613&redirect_uri=http%3A%2F%2Flocalhost%3A9005&scope=read%3Auser%20repo%20public_repo
[info] 
[info] Waiting for authentication...
[debug] [2024-11-16T15:34:54.704Z] >>> [apiv2][query] POST https://github.com/login/oauth/access_token [none]
[debug] [2024-11-16T15:34:54.704Z] >>> [apiv2][body] POST https://github.com/login/oauth/access_token [stream]
[debug] [2024-11-16T15:34:55.097Z] <<< [apiv2][status] POST https://github.com/login/oauth/access_token 200
[debug] [2024-11-16T15:34:55.097Z] <<< [apiv2][body] POST https://github.com/login/oauth/access_token {"access_token":"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","token_type":"bearer","scope":"read:user,repo"}
[debug] [2024-11-16T15:34:55.102Z] >>> [apiv2][query] GET https://api.github.com/user [none]
[debug] [2024-11-16T15:34:55.536Z] <<< [apiv2][status] GET https://api.github.com/user 200
[debug] [2024-11-16T15:34:55.536Z] <<< [apiv2][body] GET https://api.github.com/user {"login":"YusrilMahendraa","id":132154534,"node_id":"U_kgDOB-CEpg","avatar_url":"https://avatars.githubusercontent.com/u/132154534?v=4","gravatar_id":"","url":"https://api.github.com/users/YusrilMahendraa","html_url":"https://github.com/YusrilMahendraa","followers_url":"https://api.github.com/users/YusrilMahendraa/followers","following_url":"https://api.github.com/users/YusrilMahendraa/following{/other_user}","gists_url":"https://api.github.com/users/YusrilMahendraa/gists{/gist_id}","starred_url":"https://api.github.com/users/YusrilMahendraa/starred{/owner}{/repo}","subscriptions_url":"https://api.github.com/users/YusrilMahendraa/subscriptions","organizations_url":"https://api.github.com/users/YusrilMahendraa/orgs","repos_url":"https://api.github.com/users/YusrilMahendraa/repos","events_url":"https://api.github.com/users/YusrilMahendraa/events{/privacy}","received_events_url":"https://api.github.com/users/YusrilMahendraa/received_events","type":"User","user_view_type":"private","site_admin":false,"name":null,"company":null,"blog":"","location":null,"email":null,"hireable":null,"bio":null,"twitter_username":null,"notification_email":null,"public_repos":3,"public_gists":0,"followers":1,"following":0,"created_at":"2023-04-29T15:55:08Z","updated_at":"2024-11-02T12:37:02Z","private_gists":0,"total_private_repos":0,"owned_private_repos":0,"disk_usage":7781,"collaborators":0,"two_factor_authentication":true,"plan":{"name":"pro","space":976562499,"collaborators":0,"private_repos":9999}}
[info] 
[info] +  Success! Logged into GitHub as YusrilMahendraa 
[info] 
[debug] [2024-11-16T15:35:06.355Z] >>> [apiv2][query] GET https://api.github.com/repos//actions/secrets/public-key type=owner
[debug] [2024-11-16T15:35:06.705Z] <<< [apiv2][status] GET https://api.github.com/repos//actions/secrets/public-key 404
[debug] [2024-11-16T15:35:06.706Z] <<< [apiv2][body] GET https://api.github.com/repos//actions/secrets/public-key {"message":"Not Found","documentation_url":"https://docs.github.com/rest","status":"404"}
[info] 
[info] 
[error] !  The provided authorization cannot be used with this repository. If this repository is in an organization, did you remember to grant access? 
[info] 
[info] i  Action required: Visit this URL to ensure access has been granted to the appropriate organization(s) for the Firebase CLI GitHub OAuth App: 
[info] https://github.com/settings/connections/applications/89cf50f02ac6aaed3484
[info] 
